Using pre-set license
Built from '2020.3/staging' branch; Version is '2020.3.19f1 (68f137dc9bbe) revision 6877495'; Using compiler version '192528614'; Build Type 'Release'
OS: 'Windows 10 Pro; OS build 19043.1237; Version 2009; 64bit' Language: 'es' Physical Memory: 16342 MB
BatchMode: 1, IsHumanControllingUs: 0, StartBugReporterOnCrash: 0, Is64bit: 1, IsPro: 0

COMMAND LINE ARGUMENTS:
C:\Program Files\Unity\Hub\Editor\2020.3.19f1\Editor\Unity.exe
-adb2
-batchMode
-noUpm
-name
AssetImportWorker0
-projectPath
D:/Pere Estades/Pere-Estades-Tema1/mi primer proyecto
-logFile
Logs/AssetImportWorker0.log
-srvPort
49445
Successfully changed project path to: D:/Pere Estades/Pere-Estades-Tema1/mi primer proyecto
D:/Pere Estades/Pere-Estades-Tema1/mi primer proyecto
Using Asset Import Pipeline V2.
Refreshing native plugins compatible for Editor in 30.91 ms, found 2 plugins.
Preloading 0 native plugins for Editor in 0.00 ms.
Initialize engine version: 2020.3.19f1 (68f137dc9bbe)
[Subsystems] Discovering subsystems at path C:/Program Files/Unity/Hub/Editor/2020.3.19f1/Editor/Data/Resources/UnitySubsystems
[Subsystems] Discovering subsystems at path D:/Pere Estades/Pere-Estades-Tema1/mi primer proyecto/Assets
GfxDevice: creating device client; threaded=0
Direct3D:
    Version:  Direct3D 11.0 [level 11.1]
    Renderer: NVIDIA GeForce GTX 1050 Ti (ID=0x1c82)
    Vendor:   
    VRAM:     4018 MB
    Driver:   27.21.14.5671
Initialize mono
Mono path[0] = 'C:/Program Files/Unity/Hub/Editor/2020.3.19f1/Editor/Data/Managed'
Mono path[1] = 'C:/Program Files/Unity/Hub/Editor/2020.3.19f1/Editor/Data/MonoBleedingEdge/lib/mono/unityjit'
Mono config path = 'C:/Program Files/Unity/Hub/Editor/2020.3.19f1/Editor/Data/MonoBleedingEdge/etc'
Using monoOptions --debugger-agent=transport=dt_socket,embedding=1,server=y,suspend=n,address=127.0.0.1:56996
Begin MonoManager ReloadAssembly
Registering precompiled unity dll's ...
Register platform support module: C:/Program Files/Unity/Hub/Editor/2020.3.19f1/Editor/Data/PlaybackEngines/WindowsStandaloneSupport/UnityEditor.WindowsStandalone.Extensions.dll
Registered in 0.002124 seconds.
Native extension for WindowsStandalone target not found
Refreshing native plugins compatible for Editor in 29.90 ms, found 2 plugins.
Preloading 0 native plugins for Editor in 0.00 ms.
Mono: successfully reloaded assembly
- Completed reload, in  1.169 seconds
Domain Reload Profiling:
	ReloadAssembly (1169ms)
		BeginReloadAssembly (61ms)
			ExecutionOrderSort (0ms)
			DisableScriptedObjects (0ms)
			BackupInstance (0ms)
			ReleaseScriptingObjects (0ms)
			CreateAndSetChildDomain (1ms)
		EndReloadAssembly (447ms)
			LoadAssemblies (59ms)
			RebuildTransferFunctionScriptingTraits (0ms)
			SetupTypeCache (170ms)
			ReleaseScriptCaches (0ms)
			RebuildScriptCaches (35ms)
			SetupLoadedEditorAssemblies (166ms)
				LogAssemblyErrors (0ms)
				InitializePlatformSupportModulesInManaged (5ms)
				SetLoadedEditorAssemblies (0ms)
				RefreshPlugins (30ms)
				BeforeProcessingInitializeOnLoad (9ms)
				ProcessInitializeOnLoadAttributes (90ms)
				ProcessInitializeOnLoadMethodAttributes (32ms)
				AfterProcessingInitializeOnLoad (0ms)
				EditorAssembliesLoaded (0ms)
			ExecutionOrderSort2 (0ms)
			AwakeInstancesAfterBackupRestoration (0ms)
Platform modules already initialized, skipping
Registering precompiled user dll's ...
Registered in 0.002060 seconds.
Begin MonoManager ReloadAssembly
Native extension for WindowsStandalone target not found
Refreshing native plugins compatible for Editor in 0.31 ms, found 2 plugins.
Preloading 0 native plugins for Editor in 0.00 ms.
Mono: successfully reloaded assembly
- Completed reload, in  1.073 seconds
Domain Reload Profiling:
	ReloadAssembly (1074ms)
		BeginReloadAssembly (161ms)
			ExecutionOrderSort (0ms)
			DisableScriptedObjects (5ms)
			BackupInstance (0ms)
			ReleaseScriptingObjects (0ms)
			CreateAndSetChildDomain (20ms)
		EndReloadAssembly (844ms)
			LoadAssemblies (91ms)
			RebuildTransferFunctionScriptingTraits (0ms)
			SetupTypeCache (295ms)
			ReleaseScriptCaches (0ms)
			RebuildScriptCaches (44ms)
			SetupLoadedEditorAssemblies (312ms)
				LogAssemblyErrors (0ms)
				InitializePlatformSupportModulesInManaged (6ms)
				SetLoadedEditorAssemblies (0ms)
				RefreshPlugins (0ms)
				BeforeProcessingInitializeOnLoad (56ms)
				ProcessInitializeOnLoadAttributes (237ms)
				ProcessInitializeOnLoadMethodAttributes (5ms)
				AfterProcessingInitializeOnLoad (7ms)
				EditorAssembliesLoaded (0ms)
			ExecutionOrderSort2 (0ms)
			AwakeInstancesAfterBackupRestoration (8ms)
Platform modules already initialized, skipping
========================================================================
Worker process is ready to serve import requests
Launched and connected shader compiler UnityShaderCompiler.exe after 0.05 seconds
Refreshing native plugins compatible for Editor in 0.33 ms, found 2 plugins.
Preloading 0 native plugins for Editor in 0.00 ms.
Unloading 1397 Unused Serialized files (Serialized files now loaded: 0)
System memory in use before: 65.3 MB.
System memory in use after: 65.4 MB.

Unloading 16 unused Assets to reduce memory usage. Loaded Objects now: 1836.
Total: 2.966300 ms (FindLiveObjects: 0.140300 ms CreateObjectMapping: 0.044100 ms MarkObjects: 2.682700 ms  DeleteObjects: 0.098200 ms)

AssetImportParameters requested are different than current active one (requested -> active):
  custom:framework-win-MediaFoundation: 216162199b28c13a410421893ffa2e32 -> 
  custom:video-decoder-ogg-theora: a1e56fd34408186e4bbccfd4996cb3dc -> 
  custom:container-muxer-webm: aa71ff27fc2769a1b78a27578f13a17b -> 
  custom:container-demuxer-webm: 4f35f7cbe854078d1ac9338744f61a02 -> 
  custom:container-demuxer-ogg: 62fdf1f143b41e24485cea50d1cbac27 -> 
  custom:video-encoder-webm-vp8: eb34c28f22e8b96e1ab97ce403110664 -> 
  custom:video-decoder-webm-vp8: 9c59270c3fd7afecdb556c50c9e8de78 -> 
  custom:audio-decoder-ogg-vorbis: bf7c407c2cedff20999df2af8eb42d56 -> 
  custom:audio-encoder-webm-vorbis: bf7c407c2cedff20999df2af8eb42d56 -> 
========================================================================
Received Import Request.
  path: Assets/Tree_Textures
  artifactKey: Guid(d4b35fdc822f7244891be25507e5f5c4) Importer(815301076,1909f56bfc062723c751e8b465ee728b)
Start importing Assets/Tree_Textures using Guid(d4b35fdc822f7244891be25507e5f5c4) Importer(815301076,1909f56bfc062723c751e8b465ee728b)  -> (artifact id: 'a0c5b816703fea38c6d20933632908a9') in 0.004932 seconds 
  Import took 0.010560 seconds .

========================================================================
Received Import Request.
  Time since last request: 11.694150 seconds.
  path: Assets
  artifactKey: Guid(00000000000000001000000000000000) Importer(815301076,1909f56bfc062723c751e8b465ee728b)
Start importing Assets using Guid(00000000000000001000000000000000) Importer(815301076,1909f56bfc062723c751e8b465ee728b)  -> (artifact id: '42d402b061de3733987d63b9cc3b64de') in 0.001129 seconds 
  Import took 0.003908 seconds .

========================================================================
Received Import Request.
  Time since last request: 98.671305 seconds.
  path: Assets/Scenes
  artifactKey: Guid(5aa1c1ad83fd50c43b1b330ea88eb6d6) Importer(815301076,1909f56bfc062723c751e8b465ee728b)
Start importing Assets/Scenes using Guid(5aa1c1ad83fd50c43b1b330ea88eb6d6) Importer(815301076,1909f56bfc062723c751e8b465ee728b)  -> (artifact id: 'd7bb349359d625ea13dc9dc78a06aa9b') in 0.001409 seconds 
  Import took 0.004419 seconds .

========================================================================
Received Import Request.
  Time since last request: 13.647668 seconds.
  path: Assets/Scenes/SampleScene.unity
  artifactKey: Guid(9fc0d4010bbf28b4594072e72b8655ab) Importer(815301076,1909f56bfc062723c751e8b465ee728b)
Start importing Assets/Scenes/SampleScene.unity using Guid(9fc0d4010bbf28b4594072e72b8655ab) Importer(815301076,1909f56bfc062723c751e8b465ee728b)  -> (artifact id: 'ca9c758cfc52700bd0f881b6a266c53e') in 0.010897 seconds 
  Import took 0.013418 seconds .

========================================================================
Received Import Request.
  Time since last request: 39.109923 seconds.
  path: Assets/materiales
  artifactKey: Guid(14a3a664970b08540892bc0accabb095) Importer(815301076,1909f56bfc062723c751e8b465ee728b)
Start importing Assets/materiales using Guid(14a3a664970b08540892bc0accabb095) Importer(815301076,1909f56bfc062723c751e8b465ee728b)  -> (artifact id: '177bee5e47be7c9176f2095e297d1a04') in 0.002782 seconds 
  Import took 0.032125 seconds .

========================================================================
Received Import Request.
  Time since last request: 44.725562 seconds.
  path: Assets/materiales/blue_mad.mat
  artifactKey: Guid(b49e75edd83e7f54c83c70d9aacdd10a) Importer(815301076,1909f56bfc062723c751e8b465ee728b)
Start importing Assets/materiales/blue_mad.mat using Guid(b49e75edd83e7f54c83c70d9aacdd10a) Importer(815301076,1909f56bfc062723c751e8b465ee728b)  -> (artifact id: '9eae7019f42d331d489f1a9ec876062d') in 0.112824 seconds 
  Import took 0.115791 seconds .

========================================================================
Received Import Request.
  Time since last request: 10.218126 seconds.
  path: Assets/materiales/blue_mat.mat
  artifactKey: Guid(b49e75edd83e7f54c83c70d9aacdd10a) Importer(815301076,1909f56bfc062723c751e8b465ee728b)
Start importing Assets/materiales/blue_mat.mat using Guid(b49e75edd83e7f54c83c70d9aacdd10a) Importer(815301076,1909f56bfc062723c751e8b465ee728b)  -> (artifact id: '3cb262f654e2e1a337c376cfd7020c21') in 0.008541 seconds 
  Import took 0.011227 seconds .

========================================================================
Received Import Request.
  Time since last request: 922.936922 seconds.
  path: Assets/texturas
  artifactKey: Guid(f0e882d1fbe6ea440b011bf20f88626f) Importer(815301076,1909f56bfc062723c751e8b465ee728b)
Start importing Assets/texturas using Guid(f0e882d1fbe6ea440b011bf20f88626f) Importer(815301076,1909f56bfc062723c751e8b465ee728b)  -> (artifact id: 'b8d3510673872d5c370d7719b7da53e6') in 0.003300 seconds 
  Import took 0.006804 seconds .

========================================================================
Received Import Request.
  Time since last request: 19.042294 seconds.
  path: Assets/texturas/circuito raro.jpg
  artifactKey: Guid(1166ea23438e7734784f8de1eba5b8da) Importer(815301076,1909f56bfc062723c751e8b465ee728b)
Start importing Assets/texturas/circuito raro.jpg using Guid(1166ea23438e7734784f8de1eba5b8da) Importer(815301076,1909f56bfc062723c751e8b465ee728b)  -> (artifact id: 'bec317944c536ae8faa38be0d16e7920') in 0.023984 seconds 
  Import took 0.032136 seconds .

========================================================================
Received Import Request.
  Time since last request: 343.259601 seconds.
  path: Assets/materiales/black_mat.mat
  artifactKey: Guid(b49e75edd83e7f54c83c70d9aacdd10a) Importer(815301076,1909f56bfc062723c751e8b465ee728b)
Start importing Assets/materiales/black_mat.mat using Guid(b49e75edd83e7f54c83c70d9aacdd10a) Importer(815301076,1909f56bfc062723c751e8b465ee728b)  -> (artifact id: '4c4d75847adfb1edfaf688ea04c8b24c') in 0.009618 seconds 
  Import took 0.032194 seconds .

========================================================================
Received Import Request.
  Time since last request: 41.295085 seconds.
  path: Assets/materiales/New Material.mat
  artifactKey: Guid(cb971c329b3725543b0a475dfab1327f) Importer(815301076,1909f56bfc062723c751e8b465ee728b)
Start importing Assets/materiales/New Material.mat using Guid(cb971c329b3725543b0a475dfab1327f) Importer(815301076,1909f56bfc062723c751e8b465ee728b)  -> (artifact id: '15bec4b0223b9e53888a14bbe5d79d2e') in 0.023821 seconds 
  Import took 0.029657 seconds .

========================================================================
Received Import Request.
  Time since last request: 43.790345 seconds.
  path: Assets/materiales/black1_mat.mat
  artifactKey: Guid(cb971c329b3725543b0a475dfab1327f) Importer(815301076,1909f56bfc062723c751e8b465ee728b)
Start importing Assets/materiales/black1_mat.mat using Guid(cb971c329b3725543b0a475dfab1327f) Importer(815301076,1909f56bfc062723c751e8b465ee728b)  -> (artifact id: '3ef496d618932389bb6d1dde7eaea49a') in 0.031274 seconds 
  Import took 0.034281 seconds .

========================================================================
Received Import Request.
  Time since last request: 37.832908 seconds.
  path: Assets/materiales/head_mat.mat
  artifactKey: Guid(b124655bbd2f93243a00b4d4088025fc) Importer(815301076,1909f56bfc062723c751e8b465ee728b)
Start importing Assets/materiales/head_mat.mat using Guid(b124655bbd2f93243a00b4d4088025fc) Importer(815301076,1909f56bfc062723c751e8b465ee728b)  -> (artifact id: '056628f6f75ef37915cfe3dcb7e90447') in 0.011813 seconds 
  Import took 0.015246 seconds .

========================================================================
Received Import Request.
  Time since last request: 416.317687 seconds.
  path: Assets/materiales/New Material.mat
  artifactKey: Guid(cfa330b2caec3a5418aecbab4bd0b282) Importer(815301076,1909f56bfc062723c751e8b465ee728b)
Start importing Assets/materiales/New Material.mat using Guid(cfa330b2caec3a5418aecbab4bd0b282) Importer(815301076,1909f56bfc062723c751e8b465ee728b)  -> (artifact id: 'ace0e4c1d8e84cbaf7669df0d20fb076') in 0.043970 seconds 
  Import took 0.047070 seconds .

========================================================================
Received Import Request.
  Time since last request: 397.502497 seconds.
  path: Assets/materiales/New Material 1.mat
  artifactKey: Guid(a0cefeec55057b84789c38c097c1829a) Importer(815301076,1909f56bfc062723c751e8b465ee728b)
Start importing Assets/materiales/New Material 1.mat using Guid(a0cefeec55057b84789c38c097c1829a) Importer(815301076,1909f56bfc062723c751e8b465ee728b)  -> (artifact id: '8f9ce26014d95f796c2c7a9354467ab4') in 0.010607 seconds 
  Import took 0.013628 seconds .

========================================================================
Received Import Request.
  Time since last request: 12.702905 seconds.
  path: Assets/materiales/caca_mat.mat
  artifactKey: Guid(cfa330b2caec3a5418aecbab4bd0b282) Importer(815301076,1909f56bfc062723c751e8b465ee728b)
Start importing Assets/materiales/caca_mat.mat using Guid(cfa330b2caec3a5418aecbab4bd0b282) Importer(815301076,1909f56bfc062723c751e8b465ee728b)  -> (artifact id: '84376caadf0efb6abd30b51f2e342c49') in 0.008662 seconds 
  Import took 0.011257 seconds .

========================================================================
Received Import Request.
  Time since last request: 13.244461 seconds.
  path: Assets/materiales/banan_mat.mat
  artifactKey: Guid(a0cefeec55057b84789c38c097c1829a) Importer(815301076,1909f56bfc062723c751e8b465ee728b)
Start importing Assets/materiales/banan_mat.mat using Guid(a0cefeec55057b84789c38c097c1829a) Importer(815301076,1909f56bfc062723c751e8b465ee728b)  -> (artifact id: '136f0befb3b3fae032c7de5c107d6b4e') in 0.027781 seconds 
  Import took 0.030580 seconds .

========================================================================
Received Import Request.
  Time since last request: 288.789490 seconds.
  path: Assets/materiales/geen_mat.mat
  artifactKey: Guid(60e5980ccce0fc44094f89cfcbfa6342) Importer(815301076,1909f56bfc062723c751e8b465ee728b)
Start importing Assets/materiales/geen_mat.mat using Guid(60e5980ccce0fc44094f89cfcbfa6342) Importer(815301076,1909f56bfc062723c751e8b465ee728b)  -> (artifact id: 'b00d330abd029931911c98911bf96ac9') in 0.016908 seconds 
  Import took 0.058124 seconds .

========================================================================
Received Import Request.
  Time since last request: 1427.539939 seconds.
  path: Assets/precreado
  artifactKey: Guid(5617e5fd8cc3a984bb2cffc057929bb0) Importer(815301076,1909f56bfc062723c751e8b465ee728b)
Start importing Assets/precreado using Guid(5617e5fd8cc3a984bb2cffc057929bb0) Importer(815301076,1909f56bfc062723c751e8b465ee728b)  -> (artifact id: '99a4e449d0d4e3ccd43baff0f9898186') in 0.002968 seconds 
  Import took 0.006267 seconds .

========================================================================
Received Import Request.
  Time since last request: 12.312113 seconds.
  path: Assets/precreado/templo.prefab
  artifactKey: Guid(6793db7cf717f51498c1718e5f2006ab) Importer(815301076,1909f56bfc062723c751e8b465ee728b)
Start importing Assets/precreado/templo.prefab using Guid(6793db7cf717f51498c1718e5f2006ab) Importer(815301076,1909f56bfc062723c751e8b465ee728b)  -> (artifact id: 'b041e5b63347900b1a12b6d2aa585cf3') in 0.037792 seconds 
  Import took 0.040556 seconds .

========================================================================
Received Import Request.
  Time since last request: 408.985240 seconds.
  path: Assets/precreado/templo.prefab
  artifactKey: Guid(6793db7cf717f51498c1718e5f2006ab) Importer(815301076,1909f56bfc062723c751e8b465ee728b)
Start importing Assets/precreado/templo.prefab using Guid(6793db7cf717f51498c1718e5f2006ab) Importer(815301076,1909f56bfc062723c751e8b465ee728b)  -> (artifact id: '979792170fed92939c56c517f7b3c91b') in 0.009189 seconds 
  Import took 0.012779 seconds .

========================================================================
Received Import Request.
  Time since last request: 35.486909 seconds.
  path: Assets/precreado/templo.prefab
  artifactKey: Guid(6793db7cf717f51498c1718e5f2006ab) Importer(815301076,1909f56bfc062723c751e8b465ee728b)
Start importing Assets/precreado/templo.prefab using Guid(6793db7cf717f51498c1718e5f2006ab) Importer(815301076,1909f56bfc062723c751e8b465ee728b)  -> (artifact id: '8c9c10dcc28c6adbdda8b82ecf703a11') in 0.019491 seconds 
  Import took 0.022213 seconds .

========================================================================
Received Import Request.
  Time since last request: 11.278144 seconds.
  path: Assets/precreado/templo.prefab
  artifactKey: Guid(6793db7cf717f51498c1718e5f2006ab) Importer(815301076,1909f56bfc062723c751e8b465ee728b)
Start importing Assets/precreado/templo.prefab using Guid(6793db7cf717f51498c1718e5f2006ab) Importer(815301076,1909f56bfc062723c751e8b465ee728b)  -> (artifact id: 'c18d6212beccc63b8774cf5715ed7bb4') in 0.011051 seconds 
  Import took 0.024470 seconds .

========================================================================
Received Import Request.
  Time since last request: 12.904440 seconds.
  path: Assets/precreado/templo.prefab
  artifactKey: Guid(6793db7cf717f51498c1718e5f2006ab) Importer(815301076,1909f56bfc062723c751e8b465ee728b)
Start importing Assets/precreado/templo.prefab using Guid(6793db7cf717f51498c1718e5f2006ab) Importer(815301076,1909f56bfc062723c751e8b465ee728b)  -> (artifact id: '43ccab01e7b294e563daa9cd31bac21e') in 0.008701 seconds 
  Import took 0.011873 seconds .

========================================================================
Received Import Request.
  Time since last request: 8.263900 seconds.
  path: Assets/precreado/templo.prefab
  artifactKey: Guid(6793db7cf717f51498c1718e5f2006ab) Importer(815301076,1909f56bfc062723c751e8b465ee728b)
Start importing Assets/precreado/templo.prefab using Guid(6793db7cf717f51498c1718e5f2006ab) Importer(815301076,1909f56bfc062723c751e8b465ee728b)  -> (artifact id: 'e2bf04920b9a017cfb5e022bf2e6e7bd') in 0.008751 seconds 
  Import took 0.011675 seconds .

========================================================================
Received Import Request.
  Time since last request: 15.928960 seconds.
  path: Assets/precreado/templo.prefab
  artifactKey: Guid(6793db7cf717f51498c1718e5f2006ab) Importer(815301076,1909f56bfc062723c751e8b465ee728b)
Start importing Assets/precreado/templo.prefab using Guid(6793db7cf717f51498c1718e5f2006ab) Importer(815301076,1909f56bfc062723c751e8b465ee728b)  -> (artifact id: '461a6f0c5984d120ff1e1a43ca9b9d0c') in 0.008724 seconds 
  Import took 0.012287 seconds .

========================================================================
Received Import Request.
  Time since last request: 5.233180 seconds.
  path: Assets/precreado/templo.prefab
  artifactKey: Guid(6793db7cf717f51498c1718e5f2006ab) Importer(815301076,1909f56bfc062723c751e8b465ee728b)
Start importing Assets/precreado/templo.prefab using Guid(6793db7cf717f51498c1718e5f2006ab) Importer(815301076,1909f56bfc062723c751e8b465ee728b)  -> (artifact id: 'cb3014e9e70fadc750128edb326b2732') in 0.012693 seconds 
  Import took 0.015432 seconds .

========================================================================
Received Import Request.
  Time since last request: 3.621672 seconds.
  path: Assets/precreado/templo.prefab
  artifactKey: Guid(6793db7cf717f51498c1718e5f2006ab) Importer(815301076,1909f56bfc062723c751e8b465ee728b)
Start importing Assets/precreado/templo.prefab using Guid(6793db7cf717f51498c1718e5f2006ab) Importer(815301076,1909f56bfc062723c751e8b465ee728b)  -> (artifact id: '521c117bcb1138a3afcf5f204d204803') in 0.010342 seconds 
  Import took 0.013329 seconds .

========================================================================
Received Import Request.
  Time since last request: 3.822654 seconds.
  path: Assets/precreado/templo.prefab
  artifactKey: Guid(6793db7cf717f51498c1718e5f2006ab) Importer(815301076,1909f56bfc062723c751e8b465ee728b)
Start importing Assets/precreado/templo.prefab using Guid(6793db7cf717f51498c1718e5f2006ab) Importer(815301076,1909f56bfc062723c751e8b465ee728b)  -> (artifact id: 'b2bfffe3dd5c7dbed33a8b8f7e3e918a') in 0.009452 seconds 
  Import took 0.012073 seconds .

========================================================================
Received Import Request.
  Time since last request: 2.612399 seconds.
  path: Assets/precreado/templo.prefab
  artifactKey: Guid(6793db7cf717f51498c1718e5f2006ab) Importer(815301076,1909f56bfc062723c751e8b465ee728b)
Start importing Assets/precreado/templo.prefab using Guid(6793db7cf717f51498c1718e5f2006ab) Importer(815301076,1909f56bfc062723c751e8b465ee728b)  -> (artifact id: '28ec304f7e4a8a14b2f1d8218f01fb5a') in 0.008617 seconds 
  Import took 0.011337 seconds .

========================================================================
Received Import Request.
  Time since last request: 3.212020 seconds.
  path: Assets/precreado/templo.prefab
  artifactKey: Guid(6793db7cf717f51498c1718e5f2006ab) Importer(815301076,1909f56bfc062723c751e8b465ee728b)
Start importing Assets/precreado/templo.prefab using Guid(6793db7cf717f51498c1718e5f2006ab) Importer(815301076,1909f56bfc062723c751e8b465ee728b)  -> (artifact id: '15c10425f85360191ae1f0d077537766') in 0.008188 seconds 
  Import took 0.011096 seconds .

========================================================================
Received Import Request.
  Time since last request: 4.189814 seconds.
  path: Assets/materiales/banan_mat.mat
  artifactKey: Guid(a0cefeec55057b84789c38c097c1829a) Importer(815301076,1909f56bfc062723c751e8b465ee728b)
Start importing Assets/materiales/banan_mat.mat using Guid(a0cefeec55057b84789c38c097c1829a) Importer(815301076,1909f56bfc062723c751e8b465ee728b)  -> (artifact id: '868dffb2d4e26cce96c0ded155704d4b') in 0.007158 seconds 
  Import took 0.009784 seconds .

========================================================================
Received Import Request.
  Time since last request: 0.000406 seconds.
  path: Assets/materiales/head_mat.mat
  artifactKey: Guid(b124655bbd2f93243a00b4d4088025fc) Importer(815301076,1909f56bfc062723c751e8b465ee728b)
Start importing Assets/materiales/head_mat.mat using Guid(b124655bbd2f93243a00b4d4088025fc) Importer(815301076,1909f56bfc062723c751e8b465ee728b)  -> (artifact id: '44ff814a141cf66155e3a75b515ce675') in 0.007687 seconds 
  Import took 0.009997 seconds .

========================================================================
Received Import Request.
  Time since last request: 0.000321 seconds.
  path: Assets/materiales/black_mat.mat
  artifactKey: Guid(b49e75edd83e7f54c83c70d9aacdd10a) Importer(815301076,1909f56bfc062723c751e8b465ee728b)
Start importing Assets/materiales/black_mat.mat using Guid(b49e75edd83e7f54c83c70d9aacdd10a) Importer(815301076,1909f56bfc062723c751e8b465ee728b)  -> (artifact id: 'a0de544ba28696fc56d9accffeaa8776') in 0.008585 seconds 
  Import took 0.011734 seconds .

========================================================================
Received Import Request.
  Time since last request: 0.000217 seconds.
  path: Assets/materiales/geen_mat.mat
  artifactKey: Guid(60e5980ccce0fc44094f89cfcbfa6342) Importer(815301076,1909f56bfc062723c751e8b465ee728b)
Start importing Assets/materiales/geen_mat.mat using Guid(60e5980ccce0fc44094f89cfcbfa6342) Importer(815301076,1909f56bfc062723c751e8b465ee728b)  -> (artifact id: '6facee8fcdf6ee273c8c722a1c53d068') in 0.009237 seconds 
  Import took 0.012726 seconds .

========================================================================
Received Import Request.
  Time since last request: 38.341321 seconds.
  path: Assets/precreado/templo.prefab
  artifactKey: Guid(6793db7cf717f51498c1718e5f2006ab) Importer(815301076,1909f56bfc062723c751e8b465ee728b)
Start importing Assets/precreado/templo.prefab using Guid(6793db7cf717f51498c1718e5f2006ab) Importer(815301076,1909f56bfc062723c751e8b465ee728b)  -> (artifact id: '99f437e52450b99deca6e32f13dcee26') in 0.008627 seconds 
  Import took 0.011807 seconds .

========================================================================
Received Import Request.
  Time since last request: 419.525485 seconds.
  path: Assets/precreado/Cube (1).prefab
  artifactKey: Guid(db9dbb33aa2b5154e9dabd87119e692e) Importer(815301076,1909f56bfc062723c751e8b465ee728b)
Start importing Assets/precreado/Cube (1).prefab using Guid(db9dbb33aa2b5154e9dabd87119e692e) Importer(815301076,1909f56bfc062723c751e8b465ee728b)  -> (artifact id: '44a31dee229174fc03a64b99d3bfb954') in 0.013163 seconds 
  Import took 0.015997 seconds .

========================================================================
Received Import Request.
  Time since last request: 229.772228 seconds.
  path: Assets/precreado/body.prefab
  artifactKey: Guid(8bcd09ce212063f438b1a0134ef4d4e2) Importer(815301076,1909f56bfc062723c751e8b465ee728b)
Start importing Assets/precreado/body.prefab using Guid(8bcd09ce212063f438b1a0134ef4d4e2) Importer(815301076,1909f56bfc062723c751e8b465ee728b)  -> (artifact id: 'a2e8c96cfee40deaa2aa2bab0589207e') in 0.012667 seconds 
  Import took 0.015924 seconds .

========================================================================
Received Import Request.
  Time since last request: 22.861675 seconds.
  path: Assets/precreado/column.prefab
  artifactKey: Guid(db9dbb33aa2b5154e9dabd87119e692e) Importer(815301076,1909f56bfc062723c751e8b465ee728b)
Start importing Assets/precreado/column.prefab using Guid(db9dbb33aa2b5154e9dabd87119e692e) Importer(815301076,1909f56bfc062723c751e8b465ee728b)  -> (artifact id: '5735da42605c5fd355709366151cf55f') in 0.010087 seconds 
  Import took 0.012963 seconds .

========================================================================
Received Import Request.
  Time since last request: 58.690799 seconds.
  path: Assets/precreado/enemey.prefab
  artifactKey: Guid(8bcd09ce212063f438b1a0134ef4d4e2) Importer(815301076,1909f56bfc062723c751e8b465ee728b)
Start importing Assets/precreado/enemey.prefab using Guid(8bcd09ce212063f438b1a0134ef4d4e2) Importer(815301076,1909f56bfc062723c751e8b465ee728b)  -> (artifact id: '19978444f6975a4941959a6d972e8fc9') in 0.012101 seconds 
  Import took 0.015313 seconds .

========================================================================
Received Import Request.
  Time since last request: 81.092465 seconds.
  path: Assets/precreado/enemey.prefab
  artifactKey: Guid(8bcd09ce212063f438b1a0134ef4d4e2) Importer(815301076,1909f56bfc062723c751e8b465ee728b)
Start importing Assets/precreado/enemey.prefab using Guid(8bcd09ce212063f438b1a0134ef4d4e2) Importer(815301076,1909f56bfc062723c751e8b465ee728b)  -> (artifact id: 'c4202662ea880435a25242b9a6fa9882') in 0.010736 seconds 
  Import took 0.013487 seconds .

========================================================================
Received Import Request.
  Time since last request: 2.802439 seconds.
  path: Assets/precreado/enemey.prefab
  artifactKey: Guid(8bcd09ce212063f438b1a0134ef4d4e2) Importer(815301076,1909f56bfc062723c751e8b465ee728b)
Start importing Assets/precreado/enemey.prefab using Guid(8bcd09ce212063f438b1a0134ef4d4e2) Importer(815301076,1909f56bfc062723c751e8b465ee728b)  -> (artifact id: 'b96c2c08a6ab3ac80d11196c4b3515a0') in 0.009118 seconds 
  Import took 0.011855 seconds .

========================================================================
Received Import Request.
  Time since last request: 2.202847 seconds.
  path: Assets/precreado/enemey.prefab
  artifactKey: Guid(8bcd09ce212063f438b1a0134ef4d4e2) Importer(815301076,1909f56bfc062723c751e8b465ee728b)
Start importing Assets/precreado/enemey.prefab using Guid(8bcd09ce212063f438b1a0134ef4d4e2) Importer(815301076,1909f56bfc062723c751e8b465ee728b)  -> (artifact id: '5086c56bd5e255b485ed202c750f9331') in 0.009588 seconds 
  Import took 0.012429 seconds .

========================================================================
Received Import Request.
  Time since last request: 9.457497 seconds.
  path: Assets/precreado/enemey.prefab
  artifactKey: Guid(8bcd09ce212063f438b1a0134ef4d4e2) Importer(815301076,1909f56bfc062723c751e8b465ee728b)
Start importing Assets/precreado/enemey.prefab using Guid(8bcd09ce212063f438b1a0134ef4d4e2) Importer(815301076,1909f56bfc062723c751e8b465ee728b)  -> (artifact id: '94ec9d090753cc9b0b78a2e2da8ef5db') in 0.009380 seconds 
  Import took 0.012270 seconds .

========================================================================
Received Import Request.
  Time since last request: 8.455136 seconds.
  path: Assets/precreado/enemey.prefab
  artifactKey: Guid(8bcd09ce212063f438b1a0134ef4d4e2) Importer(815301076,1909f56bfc062723c751e8b465ee728b)
Start importing Assets/precreado/enemey.prefab using Guid(8bcd09ce212063f438b1a0134ef4d4e2) Importer(815301076,1909f56bfc062723c751e8b465ee728b)  -> (artifact id: 'fbf44413596c4ecbd1cfd8ca954d2aa9') in 0.010658 seconds 
  Import took 0.013698 seconds .

========================================================================
Received Import Request.
  Time since last request: 3.823094 seconds.
  path: Assets/precreado/enemey.prefab
  artifactKey: Guid(8bcd09ce212063f438b1a0134ef4d4e2) Importer(815301076,1909f56bfc062723c751e8b465ee728b)
Start importing Assets/precreado/enemey.prefab using Guid(8bcd09ce212063f438b1a0134ef4d4e2) Importer(815301076,1909f56bfc062723c751e8b465ee728b)  -> (artifact id: 'b2a8eb0abe46f97e545f01080dbb425b') in 0.011275 seconds 
  Import took 0.014084 seconds .

========================================================================
Received Import Request.
  Time since last request: 6.853494 seconds.
  path: Assets/precreado/enemey.prefab
  artifactKey: Guid(8bcd09ce212063f438b1a0134ef4d4e2) Importer(815301076,1909f56bfc062723c751e8b465ee728b)
Start importing Assets/precreado/enemey.prefab using Guid(8bcd09ce212063f438b1a0134ef4d4e2) Importer(815301076,1909f56bfc062723c751e8b465ee728b)  -> (artifact id: '9a5576040c758cf57d3c91518163feaa') in 0.009461 seconds 
  Import took 0.012480 seconds .

========================================================================
Received Import Request.
  Time since last request: 5.434039 seconds.
  path: Assets/precreado/enemey.prefab
  artifactKey: Guid(8bcd09ce212063f438b1a0134ef4d4e2) Importer(815301076,1909f56bfc062723c751e8b465ee728b)
Start importing Assets/precreado/enemey.prefab using Guid(8bcd09ce212063f438b1a0134ef4d4e2) Importer(815301076,1909f56bfc062723c751e8b465ee728b)  -> (artifact id: '15b780e6887b479004609f58137aa777') in 0.011234 seconds 
  Import took 0.014066 seconds .

========================================================================
Received Import Request.
  Time since last request: 110.904325 seconds.
  path: Assets/precreado/enemey.prefab
  artifactKey: Guid(8bcd09ce212063f438b1a0134ef4d4e2) Importer(815301076,1909f56bfc062723c751e8b465ee728b)
Start importing Assets/precreado/enemey.prefab using Guid(8bcd09ce212063f438b1a0134ef4d4e2) Importer(815301076,1909f56bfc062723c751e8b465ee728b)  -> (artifact id: '0acb668dc53154c5e9923cd532bf0c44') in 0.009561 seconds 
  Import took 0.012432 seconds .

========================================================================
Received Import Request.
  Time since last request: 331.971088 seconds.
  path: Assets/precreado/enemy Variant.prefab
  artifactKey: Guid(f338e1e76ccfe094c9c04fcedd62da77) Importer(815301076,1909f56bfc062723c751e8b465ee728b)
Start importing Assets/precreado/enemy Variant.prefab using Guid(f338e1e76ccfe094c9c04fcedd62da77) Importer(815301076,1909f56bfc062723c751e8b465ee728b)  -> (artifact id: 'd23f093e33cc628eb9a43158d645ba20') in 0.017524 seconds 
  Import took 0.020819 seconds .

========================================================================
Received Import Request.
  Time since last request: 15.939215 seconds.
  path: Assets/precreado/bod.prefab
  artifactKey: Guid(8bcd09ce212063f438b1a0134ef4d4e2) Importer(815301076,1909f56bfc062723c751e8b465ee728b)
Start importing Assets/precreado/bod.prefab using Guid(8bcd09ce212063f438b1a0134ef4d4e2) Importer(815301076,1909f56bfc062723c751e8b465ee728b)  -> (artifact id: '5dd48eb343186edaaa6297fdbf185878') in 0.012330 seconds 
  Import took 0.015503 seconds .

========================================================================
Received Import Request.
  Time since last request: 0.000360 seconds.
  path: Assets/precreado/enemy Variant.prefab
  artifactKey: Guid(f338e1e76ccfe094c9c04fcedd62da77) Importer(815301076,1909f56bfc062723c751e8b465ee728b)
Start importing Assets/precreado/enemy Variant.prefab using Guid(f338e1e76ccfe094c9c04fcedd62da77) Importer(815301076,1909f56bfc062723c751e8b465ee728b)  -> (artifact id: '9e2f781467a64a5a35adddcdf42fd539') in 0.010253 seconds 
  Import took 0.013023 seconds .

========================================================================
Received Import Request.
  Time since last request: 16.657417 seconds.
  path: Assets/precreado/enemy.prefab
  artifactKey: Guid(f338e1e76ccfe094c9c04fcedd62da77) Importer(815301076,1909f56bfc062723c751e8b465ee728b)
Start importing Assets/precreado/enemy.prefab using Guid(f338e1e76ccfe094c9c04fcedd62da77) Importer(815301076,1909f56bfc062723c751e8b465ee728b)  -> (artifact id: '740d998b40dbd7d331fb7e91bc154a73') in 0.012147 seconds 
  Import took 0.015614 seconds .

========================================================================
Received Import Request.
  Time since last request: 38.826181 seconds.
  path: Assets/precreado/enemy.prefab
  artifactKey: Guid(f338e1e76ccfe094c9c04fcedd62da77) Importer(815301076,1909f56bfc062723c751e8b465ee728b)
Start importing Assets/precreado/enemy.prefab using Guid(f338e1e76ccfe094c9c04fcedd62da77) Importer(815301076,1909f56bfc062723c751e8b465ee728b)  -> (artifact id: '1f39b9ce01ec952bef10243c1310c02e') in 0.009803 seconds 
  Import took 0.012925 seconds .

========================================================================
Received Import Request.
  Time since last request: 2.399410 seconds.
  path: Assets/precreado/enemy.prefab
  artifactKey: Guid(f338e1e76ccfe094c9c04fcedd62da77) Importer(815301076,1909f56bfc062723c751e8b465ee728b)
Start importing Assets/precreado/enemy.prefab using Guid(f338e1e76ccfe094c9c04fcedd62da77) Importer(815301076,1909f56bfc062723c751e8b465ee728b)  -> (artifact id: 'e9e985bc96e73d7a2183f435235c0876') in 0.010647 seconds 
  Import took 0.013444 seconds .

========================================================================
Received Import Request.
  Time since last request: 1.801190 seconds.
  path: Assets/precreado/enemy.prefab
  artifactKey: Guid(f338e1e76ccfe094c9c04fcedd62da77) Importer(815301076,1909f56bfc062723c751e8b465ee728b)
Start importing Assets/precreado/enemy.prefab using Guid(f338e1e76ccfe094c9c04fcedd62da77) Importer(815301076,1909f56bfc062723c751e8b465ee728b)  -> (artifact id: 'd1b596a4ef43568889c6b94209abfe7f') in 0.009766 seconds 
  Import took 0.012759 seconds .

========================================================================
Received Import Request.
  Time since last request: 13.313790 seconds.
  path: Assets/precreado/enemy.prefab
  artifactKey: Guid(f338e1e76ccfe094c9c04fcedd62da77) Importer(815301076,1909f56bfc062723c751e8b465ee728b)
Start importing Assets/precreado/enemy.prefab using Guid(f338e1e76ccfe094c9c04fcedd62da77) Importer(815301076,1909f56bfc062723c751e8b465ee728b)  -> (artifact id: 'e23c327e3f22e58744b3a0131d0754e7') in 0.010643 seconds 
  Import took 0.014121 seconds .

========================================================================
Received Import Request.
  Time since last request: 2.805613 seconds.
  path: Assets/precreado/enemy.prefab
  artifactKey: Guid(f338e1e76ccfe094c9c04fcedd62da77) Importer(815301076,1909f56bfc062723c751e8b465ee728b)
Start importing Assets/precreado/enemy.prefab using Guid(f338e1e76ccfe094c9c04fcedd62da77) Importer(815301076,1909f56bfc062723c751e8b465ee728b)  -> (artifact id: '3dc2bef89e26fb704827f98675678c0a') in 0.010625 seconds 
  Import took 0.013652 seconds .

========================================================================
Received Import Request.
  Time since last request: 1.398896 seconds.
  path: Assets/precreado/enemy.prefab
  artifactKey: Guid(f338e1e76ccfe094c9c04fcedd62da77) Importer(815301076,1909f56bfc062723c751e8b465ee728b)
Start importing Assets/precreado/enemy.prefab using Guid(f338e1e76ccfe094c9c04fcedd62da77) Importer(815301076,1909f56bfc062723c751e8b465ee728b)  -> (artifact id: '380f0b6ebd90a929ccf31bacd2407ca1') in 0.010082 seconds 
  Import took 0.013178 seconds .

========================================================================
Received Import Request.
  Time since last request: 8.454538 seconds.
  path: Assets/precreado/enemy.prefab
  artifactKey: Guid(f338e1e76ccfe094c9c04fcedd62da77) Importer(815301076,1909f56bfc062723c751e8b465ee728b)
Start importing Assets/precreado/enemy.prefab using Guid(f338e1e76ccfe094c9c04fcedd62da77) Importer(815301076,1909f56bfc062723c751e8b465ee728b)  -> (artifact id: '1a900d3b9eefd64ef4fcf2fa105a7273') in 0.009947 seconds 
  Import took 0.013437 seconds .

========================================================================
Received Import Request.
  Time since last request: 2.002384 seconds.
  path: Assets/precreado/enemy.prefab
  artifactKey: Guid(f338e1e76ccfe094c9c04fcedd62da77) Importer(815301076,1909f56bfc062723c751e8b465ee728b)
Start importing Assets/precreado/enemy.prefab using Guid(f338e1e76ccfe094c9c04fcedd62da77) Importer(815301076,1909f56bfc062723c751e8b465ee728b)  -> (artifact id: 'b2b086db2ff63eb787b792bdfbcf7e52') in 0.010428 seconds 
  Import took 0.014380 seconds .

========================================================================
Received Import Request.
  Time since last request: 6.034261 seconds.
  path: Assets/precreado/enemy.prefab
  artifactKey: Guid(f338e1e76ccfe094c9c04fcedd62da77) Importer(815301076,1909f56bfc062723c751e8b465ee728b)
Start importing Assets/precreado/enemy.prefab using Guid(f338e1e76ccfe094c9c04fcedd62da77) Importer(815301076,1909f56bfc062723c751e8b465ee728b)  -> (artifact id: 'b92d547b629b7278d54eb6b7469244ed') in 0.010876 seconds 
  Import took 0.013932 seconds .

========================================================================
Received Import Request.
  Time since last request: 11.282359 seconds.
  path: Assets/precreado/enemy.prefab
  artifactKey: Guid(f338e1e76ccfe094c9c04fcedd62da77) Importer(815301076,1909f56bfc062723c751e8b465ee728b)
Start importing Assets/precreado/enemy.prefab using Guid(f338e1e76ccfe094c9c04fcedd62da77) Importer(815301076,1909f56bfc062723c751e8b465ee728b)  -> (artifact id: '31ac753243046b225f775afff450e3f3') in 0.010563 seconds 
  Import took 0.013401 seconds .

========================================================================
Received Import Request.
  Time since last request: 44.643413 seconds.
  path: Assets/materiales/metalblack_mat.mat
  artifactKey: Guid(da5c52654db97e241bdbe9ac76413858) Importer(815301076,1909f56bfc062723c751e8b465ee728b)
Start importing Assets/materiales/metalblack_mat.mat using Guid(da5c52654db97e241bdbe9ac76413858) Importer(815301076,1909f56bfc062723c751e8b465ee728b)  -> (artifact id: 'cf2897265c6e811b57de8b1a4deee4cc') in 0.015128 seconds 
  Import took 0.017553 seconds .

========================================================================
Received Import Request.
  Time since last request: 109.844654 seconds.
  path: Assets/materiales/metalblack_mat.mat
  artifactKey: Guid(da5c52654db97e241bdbe9ac76413858) Importer(815301076,1909f56bfc062723c751e8b465ee728b)
Start importing Assets/materiales/metalblack_mat.mat using Guid(da5c52654db97e241bdbe9ac76413858) Importer(815301076,1909f56bfc062723c751e8b465ee728b)  -> (artifact id: '3b09a99586eb2878cff23c8587fe9a16') in 0.008405 seconds 
  Import took 0.011128 seconds .

========================================================================
Received Import Request.
  Time since last request: 7.491933 seconds.
  path: Assets/precreado/enemy.prefab
  artifactKey: Guid(f338e1e76ccfe094c9c04fcedd62da77) Importer(815301076,1909f56bfc062723c751e8b465ee728b)
Start importing Assets/precreado/enemy.prefab using Guid(f338e1e76ccfe094c9c04fcedd62da77) Importer(815301076,1909f56bfc062723c751e8b465ee728b)  -> (artifact id: '2cb9a2641107a34e92d5e5952f6de781') in 0.008882 seconds 
  Import took 0.011683 seconds .

========================================================================
Received Import Request.
  Time since last request: 290.882908 seconds.
  path: Assets/texturas/Materials
  artifactKey: Guid(d8f95838780567143be3406aa2c9e04c) Importer(815301076,1909f56bfc062723c751e8b465ee728b)
Start importing Assets/texturas/Materials using Guid(d8f95838780567143be3406aa2c9e04c) Importer(815301076,1909f56bfc062723c751e8b465ee728b)  -> (artifact id: 'f83feb1c29f39c93ef6bb6ac07db415e') in 0.001390 seconds 
  Import took 0.004281 seconds .

========================================================================
Received Import Request.
  Time since last request: 7.274944 seconds.
  path: Assets/texturas/Materials/circuito raro.mat
  artifactKey: Guid(d755f0c88978c804fb656f2670774668) Importer(815301076,1909f56bfc062723c751e8b465ee728b)
Start importing Assets/texturas/Materials/circuito raro.mat using Guid(d755f0c88978c804fb656f2670774668) Importer(815301076,1909f56bfc062723c751e8b465ee728b)  -> (artifact id: 'dff79b69168d84fa20ee1bb2e80284f7') in 0.017490 seconds 
  Import took 0.020111 seconds .

AssetImportWorkerClient::OnTransportError - code=2 error=End of file
